<?xml version="1.0" encoding="UTF-8"?>
<!-- Generated by org.testng.reporters.JUnitXMLReporter -->
<testsuite hostname="Mds-MacBook-Air.local" ignored="5" name="Default test" tests="1" failures="0" timestamp="27 Sep 2022 04:41:44 GMT" time="36.087" errors="0">
  <testcase name="setUpOnlineAccessClickedTest" time="11.468" classname="pages.HomePageTest"/>
  <testcase name="logoTest" time="0.0" classname="pages.HomePageTest">
    <ignored/>
  </testcase> <!-- logoTest -->
  <testcase name="checkingAndSavingsButtonClickedTest" time="0.0" classname="pages.HomePageTest">
    <ignored/>
  </testcase> <!-- checkingAndSavingsButtonClickedTest -->
  <testcase name="searchButtonClickedTest" time="0.0" classname="pages.HomePageTest">
    <ignored/>
  </testcase> <!-- searchButtonClickedTest -->
  <testcase name="forGotUserNameClickedTest" time="0.0" classname="pages.HomePageTest">
    <ignored/>
  </testcase> <!-- forGotUserNameClickedTest -->
  <testcase name="signInButtonClickedTest" time="0.0" classname="pages.HomePageTest">
    <ignored/>
  </testcase> <!-- signInButtonClickedTest -->
</testsuite> <!-- Default test -->
