<?xml version="1.0" encoding="UTF-8"?>
<testng-results skipped="0" failed="0" ignored="5" total="6" passed="1">
  <reporter-output>
  </reporter-output>
  <suite name="Default suite" duration-ms="36087" started-at="2022-09-27T04:41:08Z" finished-at="2022-09-27T04:41:44Z">
    <groups>
    </groups>
    <test name="Default test" duration-ms="36087" started-at="2022-09-27T04:41:08Z" finished-at="2022-09-27T04:41:44Z">
      <class name="pages.HomePageTest">
        <test-method status="PASS" signature="setUp()[pri:0, instance:pages.HomePageTest@bef2d72]" name="setUp" is-config="true" duration-ms="24386" started-at="2022-09-27T04:41:08Z" finished-at="2022-09-27T04:41:33Z">
          <reporter-output>
          </reporter-output>
        </test-method> <!-- setUp -->
        <test-method status="PASS" signature="setUpOnlineAccessClickedTest()[pri:3, instance:pages.HomePageTest@bef2d72]" name="setUpOnlineAccessClickedTest" duration-ms="11468" started-at="2022-09-27T04:41:33Z" finished-at="2022-09-27T04:41:44Z">
          <reporter-output>
          </reporter-output>
        </test-method> <!-- setUpOnlineAccessClickedTest -->
        <test-method status="PASS" signature="tearUp()[pri:0, instance:pages.HomePageTest@bef2d72]" name="tearUp" is-config="true" duration-ms="188" started-at="2022-09-27T04:41:44Z" finished-at="2022-09-27T04:41:44Z">
          <reporter-output>
          </reporter-output>
        </test-method> <!-- tearUp -->
      </class> <!-- pages.HomePageTest -->
    </test> <!-- Default test -->
  </suite> <!-- Default suite -->
</testng-results>
