<?xml version="1.0" encoding="UTF-8"?>
<testng-results skipped="0" failed="0" ignored="0" total="1" passed="1">
  <reporter-output>
  </reporter-output>
  <suite name="Default suite" duration-ms="27148" started-at="2022-09-20T01:46:21Z" finished-at="2022-09-20T01:46:48Z">
    <groups>
    </groups>
    <test name="Default test" duration-ms="27148" started-at="2022-09-20T01:46:21Z" finished-at="2022-09-20T01:46:48Z">
      <class name="pages.HomePageTest">
        <test-method status="PASS" signature="setUp()[pri:0, instance:pages.HomePageTest@bef2d72]" name="setUp" is-config="true" duration-ms="26027" started-at="2022-09-20T01:46:21Z" finished-at="2022-09-20T01:46:47Z">
          <reporter-output>
          </reporter-output>
        </test-method> <!-- setUp -->
        <test-method status="PASS" signature="userNameTest()[pri:0, instance:pages.HomePageTest@bef2d72]" name="userNameTest" duration-ms="977" started-at="2022-09-20T01:46:47Z" finished-at="2022-09-20T01:46:48Z">
          <reporter-output>
          </reporter-output>
        </test-method> <!-- userNameTest -->
        <test-method status="PASS" signature="tearUp()[pri:0, instance:pages.HomePageTest@bef2d72]" name="tearUp" is-config="true" duration-ms="120" started-at="2022-09-20T01:46:48Z" finished-at="2022-09-20T01:46:48Z">
          <reporter-output>
          </reporter-output>
        </test-method> <!-- tearUp -->
      </class> <!-- pages.HomePageTest -->
    </test> <!-- Default test -->
  </suite> <!-- Default suite -->
</testng-results>
